  [1m[36m (9.1ms)[0m  [1mCREATE TABLE "schema_migrations" ("version" varchar(255) NOT NULL) [0m
  [1m[35m (0.1ms)[0m  select sqlite_version(*)
  [1m[36m (7.7ms)[0m  [1mCREATE UNIQUE INDEX "unique_schema_migrations" ON "schema_migrations" ("version")[0m
  [1m[35mActiveRecord::SchemaMigration Load (0.1ms)[0m  SELECT "schema_migrations".* FROM "schema_migrations"
Migrating to CreateUsers (20140929191900)
  [1m[36m (0.0ms)[0m  [1mbegin transaction[0m
  [1m[35m (0.3ms)[0m  CREATE TABLE "users" ("id" INTEGER PRIMARY KEY AUTOINCREMENT NOT NULL, "name" varchar(255), "email" varchar(255), "created_at" datetime, "updated_at" datetime) 
  [1m[36mSQL (0.1ms)[0m  [1mINSERT INTO "schema_migrations" ("version") VALUES (?)[0m  [["version", "20140929191900"]]
  [1m[35m (7.8ms)[0m  commit transaction
Migrating to ChangeNames (20150501001725)
  [1m[36m (0.0ms)[0m  [1mbegin transaction[0m
  [1m[35m (11.8ms)[0m  CREATE TEMPORARY TABLE "ausers" ("id" INTEGER PRIMARY KEY AUTOINCREMENT NOT NULL, "full" varchar(255), "email" varchar(255), "created_at" datetime, "updated_at" datetime) 
  [1m[36m (0.1ms)[0m  [1mSELECT * FROM "users"[0m
  [1m[35m (0.2ms)[0m  DROP TABLE "users"
  [1m[36m (0.1ms)[0m  [1mCREATE TABLE "users" ("id" INTEGER PRIMARY KEY AUTOINCREMENT NOT NULL, "full" varchar(255), "email" varchar(255), "created_at" datetime, "updated_at" datetime) [0m
  [1m[35m (0.1ms)[0m  SELECT * FROM "ausers"
  [1m[36m (0.2ms)[0m  [1mDROP TABLE "ausers"[0m
  [1m[35m (0.1ms)[0m  CREATE TEMPORARY TABLE "ausers" ("id" INTEGER PRIMARY KEY AUTOINCREMENT NOT NULL, "full" varchar(255), "dna" varchar(255), "created_at" datetime, "updated_at" datetime) 
  [1m[36m (0.1ms)[0m  [1mSELECT * FROM "users"[0m
  [1m[35m (0.2ms)[0m  DROP TABLE "users"
  [1m[36m (0.1ms)[0m  [1mCREATE TABLE "users" ("id" INTEGER PRIMARY KEY AUTOINCREMENT NOT NULL, "full" varchar(255), "dna" varchar(255), "created_at" datetime, "updated_at" datetime) [0m
  [1m[35m (0.1ms)[0m  SELECT * FROM "ausers"
  [1m[36m (0.1ms)[0m  [1mDROP TABLE "ausers"[0m
  [1m[35mSQL (0.1ms)[0m  INSERT INTO "schema_migrations" ("version") VALUES (?)  [["version", "20150501001725"]]
  [1m[36m (8.8ms)[0m  [1mcommit transaction[0m
Migrating to AddMrnaColumnToUsers (20150501003248)
  [1m[35m (0.0ms)[0m  begin transaction
  [1m[36m (0.4ms)[0m  [1mALTER TABLE "users" ADD "mrna" varchar(255)[0m
  [1m[35mSQL (0.1ms)[0m  INSERT INTO "schema_migrations" ("version") VALUES (?)  [["version", "20150501003248"]]
  [1m[36m (6.0ms)[0m  [1mcommit transaction[0m
  [1m[35mActiveRecord::SchemaMigration Load (0.1ms)[0m  SELECT "schema_migrations".* FROM "schema_migrations"


Started GET "/" for 50.17.182.190 at 2016-08-21 17:08:00 +0000
  [1m[36mActiveRecord::SchemaMigration Load (0.1ms)[0m  [1mSELECT "schema_migrations".* FROM "schema_migrations"[0m
Processing by StaticPagesController#home as HTML
  Rendered static_pages/home.html.erb within layouts/application (6.2ms)
Completed 200 OK in 2022ms (Views: 2014.5ms | ActiveRecord: 0.0ms)


Started GET "/js/bootstrap.min.js" for 50.17.182.190 at 2016-08-21 17:08:03 +0000

ActionController::RoutingError (No route matches [GET] "/js/bootstrap.min.js"):
  .bundleactionpack (4.1.0) lib/action_dispatch/middleware/debug_exceptions.rb:21:in `call'
  .bundleactionpack (4.1.0) lib/action_dispatch/middleware/show_exceptions.rb:30:in `call'
  .bundlerailties (4.1.0) lib/rails/rack/logger.rb:38:in `call_app'
  .bundlerailties (4.1.0) lib/rails/rack/logger.rb:20:in `block in call'
  .bundleactivesupport (4.1.0) lib/active_support/tagged_logging.rb:68:in `block in tagged'
  .bundleactivesupport (4.1.0) lib/active_support/tagged_logging.rb:26:in `tagged'
  .bundleactivesupport (4.1.0) lib/active_support/tagged_logging.rb:68:in `tagged'
  .bundlerailties (4.1.0) lib/rails/rack/logger.rb:20:in `call'
  .bundleactionpack (4.1.0) lib/action_dispatch/middleware/request_id.rb:21:in `call'
  .bundlerack (1.5.5) lib/rack/methodoverride.rb:21:in `call'
  .bundlerack (1.5.5) lib/rack/runtime.rb:17:in `call'
  .bundleactivesupport (4.1.0) lib/active_support/cache/strategy/local_cache_middleware.rb:26:in `call'
  .bundlerack (1.5.5) lib/rack/lock.rb:17:in `call'
  .bundleactionpack (4.1.0) lib/action_dispatch/middleware/static.rb:64:in `call'
  .bundlerack (1.5.5) lib/rack/sendfile.rb:112:in `call'
  .bundlerailties (4.1.0) lib/rails/engine.rb:514:in `call'
  .bundlerailties (4.1.0) lib/rails/application.rb:144:in `call'
  .bundlerack (1.5.5) lib/rack/lock.rb:17:in `call'
  .bundlerack (1.5.5) lib/rack/content_length.rb:14:in `call'
  .bundlerack (1.5.5) lib/rack/handler/webrick.rb:60:in `service'
  /usr/local/opt/rbenv/versions/2.3.1/lib/ruby/2.3.0/webrick/httpserver.rb:140:in `service'
  /usr/local/opt/rbenv/versions/2.3.1/lib/ruby/2.3.0/webrick/httpserver.rb:96:in `run'
  /usr/local/opt/rbenv/versions/2.3.1/lib/ruby/2.3.0/webrick/server.rb:296:in `block in start_thread'


  Rendered .bundle/gems/actionpack-4.1.0/lib/action_dispatch/middleware/templates/rescues/_trace.html.erb (1.1ms)
  Rendered .bundle/gems/actionpack-4.1.0/lib/action_dispatch/middleware/templates/routes/_route.html.erb (1.7ms)
  Rendered .bundle/gems/actionpack-4.1.0/lib/action_dispatch/middleware/templates/routes/_table.html.erb (8.9ms)
  Rendered .bundle/gems/actionpack-4.1.0/lib/action_dispatch/middleware/templates/rescues/routing_error.html.erb within rescues/layout (39.6ms)


Started GET "/assets/custom.css?body=1" for 50.17.182.190 at 2016-08-21 17:08:03 +0000


Started GET "/assets/scaffolds.css?body=1" for 50.17.182.190 at 2016-08-21 17:08:03 +0000


Started GET "/assets/static_pages.css?body=1" for 50.17.182.190 at 2016-08-21 17:08:03 +0000


Started GET "/assets/users.css?body=1" for 50.17.182.190 at 2016-08-21 17:08:03 +0000


Started GET "/assets/application.css?body=1" for 50.17.182.190 at 2016-08-21 17:08:03 +0000


Started GET "/assets/jquery.js?body=1" for 50.17.182.190 at 2016-08-21 17:08:03 +0000


Started GET "/assets/jquery_ujs.js?body=1" for 50.17.182.190 at 2016-08-21 17:08:03 +0000


Started GET "/assets/turbolinks.js?body=1" for 50.17.182.190 at 2016-08-21 17:08:03 +0000


Started GET "/assets/static_pages.js?body=1" for 50.17.182.190 at 2016-08-21 17:08:03 +0000


Started GET "/assets/users.js?body=1" for 50.17.182.190 at 2016-08-21 17:08:03 +0000


Started GET "/assets/application.js?body=1" for 50.17.182.190 at 2016-08-21 17:08:03 +0000


Started GET "/assets/NCBI.jpg" for 50.17.182.190 at 2016-08-21 17:08:03 +0000


Started GET "/assets/atlas_plasmid.jpg" for 50.17.182.190 at 2016-08-21 17:08:04 +0000


Started GET "/users/new" for 50.17.182.190 at 2016-08-21 17:08:39 +0000
Processing by UsersController#new as HTML
  Rendered users/_form.html.erb (0.7ms)
  Rendered users/new.html.erb within layouts/application (2.0ms)
Completed 200 OK in 69ms (Views: 65.9ms | ActiveRecord: 0.4ms)


Started GET "/" for 50.17.182.190 at 2016-08-21 17:08:41 +0000
Processing by StaticPagesController#home as HTML
  Rendered static_pages/home.html.erb within layouts/application (0.5ms)
Completed 200 OK in 64ms (Views: 64.1ms | ActiveRecord: 0.0ms)


Started GET "/" for 50.17.182.190 at 2016-08-21 17:10:57 +0000
  [1m[36mActiveRecord::SchemaMigration Load (0.1ms)[0m  [1mSELECT "schema_migrations".* FROM "schema_migrations"[0m
Processing by StaticPagesController#home as HTML
  Rendered static_pages/home.html.erb within layouts/application (3.7ms)
Completed 200 OK in 115ms (Views: 107.0ms | ActiveRecord: 0.0ms)


Started GET "/assets/static_pages.css?body=1" for 50.17.182.190 at 2016-08-21 17:10:57 +0000


Started GET "/assets/scaffolds.css?body=1" for 50.17.182.190 at 2016-08-21 17:10:57 +0000


Started GET "/assets/application.css?body=1" for 50.17.182.190 at 2016-08-21 17:10:57 +0000


Started GET "/assets/users.css?body=1" for 50.17.182.190 at 2016-08-21 17:10:58 +0000


Started GET "/assets/custom.css?body=1" for 50.17.182.190 at 2016-08-21 17:10:58 +0000


Started GET "/assets/jquery.js?body=1" for 50.17.182.190 at 2016-08-21 17:10:58 +0000


Started GET "/assets/turbolinks.js?body=1" for 50.17.182.190 at 2016-08-21 17:10:58 +0000


Started GET "/assets/jquery_ujs.js?body=1" for 50.17.182.190 at 2016-08-21 17:10:58 +0000


Started GET "/assets/users.js?body=1" for 50.17.182.190 at 2016-08-21 17:10:58 +0000


Started GET "/assets/application.js?body=1" for 50.17.182.190 at 2016-08-21 17:10:58 +0000


Started GET "/assets/static_pages.js?body=1" for 50.17.182.190 at 2016-08-21 17:10:58 +0000


Started GET "/" for 50.17.182.190 at 2016-08-21 17:11:27 +0000
Processing by StaticPagesController#home as HTML
  Rendered static_pages/home.html.erb within layouts/application (0.6ms)
Completed 200 OK in 64ms (Views: 63.4ms | ActiveRecord: 0.0ms)


Started GET "/assets/custom.css?body=1" for 50.17.182.190 at 2016-08-21 17:11:27 +0000


Started GET "/assets/application.css?body=1" for 50.17.182.190 at 2016-08-21 17:11:27 +0000


Started GET "/assets/static_pages.css?body=1" for 50.17.182.190 at 2016-08-21 17:11:27 +0000


Started GET "/assets/users.css?body=1" for 50.17.182.190 at 2016-08-21 17:11:27 +0000


Started GET "/assets/scaffolds.css?body=1" for 50.17.182.190 at 2016-08-21 17:11:27 +0000


Started GET "/assets/jquery.js?body=1" for 50.17.182.190 at 2016-08-21 17:11:27 +0000


Started GET "/assets/turbolinks.js?body=1" for 50.17.182.190 at 2016-08-21 17:11:27 +0000


Started GET "/assets/users.js?body=1" for 50.17.182.190 at 2016-08-21 17:11:27 +0000


Started GET "/assets/jquery_ujs.js?body=1" for 50.17.182.190 at 2016-08-21 17:11:27 +0000


Started GET "/assets/static_pages.js?body=1" for 50.17.182.190 at 2016-08-21 17:11:27 +0000


Started GET "/assets/application.js?body=1" for 50.17.182.190 at 2016-08-21 17:11:27 +0000


Started GET "/js/bootstrap.min.js" for 50.17.182.190 at 2016-08-21 17:11:27 +0000

ActionController::RoutingError (No route matches [GET] "/js/bootstrap.min.js"):
  .bundleactionpack (4.1.0) lib/action_dispatch/middleware/debug_exceptions.rb:21:in `call'
  .bundleactionpack (4.1.0) lib/action_dispatch/middleware/show_exceptions.rb:30:in `call'
  .bundlerailties (4.1.0) lib/rails/rack/logger.rb:38:in `call_app'
  .bundlerailties (4.1.0) lib/rails/rack/logger.rb:20:in `block in call'
  .bundleactivesupport (4.1.0) lib/active_support/tagged_logging.rb:68:in `block in tagged'
  .bundleactivesupport (4.1.0) lib/active_support/tagged_logging.rb:26:in `tagged'
  .bundleactivesupport (4.1.0) lib/active_support/tagged_logging.rb:68:in `tagged'
  .bundlerailties (4.1.0) lib/rails/rack/logger.rb:20:in `call'
  .bundleactionpack (4.1.0) lib/action_dispatch/middleware/request_id.rb:21:in `call'
  .bundlerack (1.5.5) lib/rack/methodoverride.rb:21:in `call'
  .bundlerack (1.5.5) lib/rack/runtime.rb:17:in `call'
  .bundleactivesupport (4.1.0) lib/active_support/cache/strategy/local_cache_middleware.rb:26:in `call'
  .bundlerack (1.5.5) lib/rack/lock.rb:17:in `call'
  .bundleactionpack (4.1.0) lib/action_dispatch/middleware/static.rb:64:in `call'
  .bundlerack (1.5.5) lib/rack/sendfile.rb:112:in `call'
  .bundlerailties (4.1.0) lib/rails/engine.rb:514:in `call'
  .bundlerailties (4.1.0) lib/rails/application.rb:144:in `call'
  .bundlerack (1.5.5) lib/rack/lock.rb:17:in `call'
  .bundlerack (1.5.5) lib/rack/content_length.rb:14:in `call'
  .bundlerack (1.5.5) lib/rack/handler/webrick.rb:60:in `service'
  /usr/local/opt/rbenv/versions/2.3.1/lib/ruby/2.3.0/webrick/httpserver.rb:140:in `service'
  /usr/local/opt/rbenv/versions/2.3.1/lib/ruby/2.3.0/webrick/httpserver.rb:96:in `run'
  /usr/local/opt/rbenv/versions/2.3.1/lib/ruby/2.3.0/webrick/server.rb:296:in `block in start_thread'


  Rendered .bundle/gems/actionpack-4.1.0/lib/action_dispatch/middleware/templates/rescues/_trace.html.erb (1.6ms)
  Rendered .bundle/gems/actionpack-4.1.0/lib/action_dispatch/middleware/templates/routes/_route.html.erb (1.5ms)
  Rendered .bundle/gems/actionpack-4.1.0/lib/action_dispatch/middleware/templates/routes/_table.html.erb (10.6ms)
  Rendered .bundle/gems/actionpack-4.1.0/lib/action_dispatch/middleware/templates/rescues/routing_error.html.erb within rescues/layout (60.7ms)


Started GET "/assets/NCBI.jpg" for 50.17.182.190 at 2016-08-21 17:11:27 +0000


Started GET "/assets/atlas_plasmid.jpg" for 50.17.182.190 at 2016-08-21 17:11:27 +0000
